#
# A fatal error has been detected by the Java Runtime Environment:
#
#  EXCEPTION_ACCESS_VIOLATION (0xc0000005) at pc=0x000000005a98a0a5, pid=5972, tid=0x0000000000001f6c
#
# JRE version: Java(TM) SE Runtime Environment (8.0_101-b13) (build 1.8.0_101-b13)
# Java VM: Java HotSpot(TM) 64-Bit Server VM (25.101-b13 mixed mode windows-amd64 compressed oops)
# Problematic frame:
# V  [jvm.dll+0x12a0a5]
#
# Failed to write core dump. Minidumps are not enabled by default on client versions of Windows
#
# If you would like to submit a bug report, please visit:
#   http://bugreport.java.com/bugreport/crash.jsp
#

---------------  T H R E A D  ---------------

Current thread (0x0000000017017800):  JavaThread "JDWP Transport Listener: dt_socket" daemon [_thread_in_vm, id=8044, stack(0x0000000017410000,0x0000000017510000)]

siginfo: ExceptionCode=0xc0000005, reading address 0xffffffffffffffff

Registers:
RAX=0x000000001750f001, RBX=0x0000000017017800, RCX=0x6d656c4564657400, RDX=0x0000000000000000
RSP=0x000000001750efb0, RBP=0x6d656c4564657400, RSI=0x000000001750f0c8, RDI=0x0000000001658940
R8 =0x0000000017017800, R9 =0x0000000000000000, R10=0x0000000000000000, R11=0x0000000000000064
R12=0x0000000000000000, R13=0x0000000017022978, R14=0x0000000000000000, R15=0x0000000000000000
RIP=0x000000005a98a0a5, EFLAGS=0x0000000000010206

Top of Stack: (sp=0x000000001750efb0)
0x000000001750efb0:   0000000017017800 0000000017017800
0x000000001750efc0:   000000001750f078 000000005ab92f0b
0x000000001750efd0:   0000000017017800 000000005abaf76d
0x000000001750efe0:   0000000000000084 000000005a589155
0x000000001750eff0:   0000000017e227d8 000000005a59291e
0x000000001750f000:   0000000017017800 0000000000000000
0x000000001750f010:   0000000000000000 0000000000000000
0x000000001750f020:   6d656c4564657400 000000005a591a15
0x000000001750f030:   000000001750f0c8 000000001750f0a0
0x000000001750f040:   0000000000000001 0000000017e227d8
0x000000001750f050:   6d656c4564657400 000000005a5753b3
0x000000001750f060:   000000001750f190 0000000000000001
0x000000001750f070:   0000000000000001 0000000017e227d8
0x000000001750f080:   000000000000000a 0000000000000000
0x000000001750f090:   0000000000000000 0000000000000000
0x000000001750f0a0:   0000000000000001 000000005a575571 

Instructions: (pc=0x000000005a98a0a5)
0x000000005a98a085:   cc cc cc cc cc cc cc cc cc cc cc 48 83 ec 28 48
0x000000005a98a095:   85 c9 75 07 33 c0 48 83 c4 28 c3 48 89 5c 24 20
0x000000005a98a0a5:   48 8b 19 48 85 db 74 20 48 83 fb 37 74 1a 48 8b
0x000000005a98a0b5:   13 48 8b cb ff 52 10 84 c0 74 0d 48 8b c3 48 8b 


Register to memory mapping:

RAX=0x000000001750f001 is pointing into the stack for thread: 0x0000000017017800
RBX=0x0000000017017800 is a thread
RCX=0x6d656c4564657400 is an unknown value
RDX=0x0000000000000000 is an unknown value
RSP=0x000000001750efb0 is pointing into the stack for thread: 0x0000000017017800
RBP=0x6d656c4564657400 is an unknown value
RSI=0x000000001750f0c8 is pointing into the stack for thread: 0x0000000017017800
RDI=0x0000000001658940 is an unknown value
R8 =0x0000000017017800 is a thread
R9 =0x0000000000000000 is an unknown value
R10=0x0000000000000000 is an unknown value
R11=0x0000000000000064 is an unknown value
R12=0x0000000000000000 is an unknown value
R13=0x0000000017022978 is an unknown value
R14=0x0000000000000000 is an unknown value
R15=0x0000000000000000 is an unknown value


Stack: [0x0000000017410000,0x0000000017510000],  sp=0x000000001750efb0,  free space=1019k
Native frames: (J=compiled Java code, j=interpreted, Vv=VM code, C=native code)
V  [jvm.dll+0x12a0a5]
V  [jvm.dll+0x34f76d]
C  [jdwp.dll+0x21a15]
C  [jdwp.dll+0x53b3]
C  [jdwp.dll+0x5571]
C  [jdwp.dll+0xf0a8]
C  [jdwp.dll+0x1f2d5]
C  [jdwp.dll+0x1f4aa]
V  [jvm.dll+0x1bd258]
V  [jvm.dll+0x2451a4]
V  [jvm.dll+0x29c18a]
C  [msvcr100.dll+0x21d9f]
C  [msvcr100.dll+0x21e3b]
C  [KERNEL32.DLL+0x18102]
C  [ntdll.dll+0x5c5b4]


---------------  P R O C E S S  ---------------

Java Threads: ( => current thread )
  0x000000001cf8e000 JavaThread "vert.x-worker-thread-13" [_thread_blocked, id=1552, stack(0x00000000297e0000,0x00000000298e0000)]
  0x000000001cf8d000 JavaThread "cluster-58383af536566e17549b3bb2" daemon [_thread_blocked, id=9836, stack(0x00000000296e0000,0x00000000297e0000)]
  0x000000001cf89800 JavaThread "Thread-15" daemon [_thread_in_native, id=8244, stack(0x00000000295e0000,0x00000000296e0000)]
  0x000000001cf88800 JavaThread "Thread-14" daemon [_thread_in_native, id=2728, stack(0x00000000294e0000,0x00000000295e0000)]
  0x000000001cf8c800 JavaThread "Thread-13" daemon [_thread_in_native, id=4688, stack(0x00000000293e0000,0x00000000294e0000)]
  0x000000001cf8b800 JavaThread "Thread-12" daemon [_thread_in_native, id=3420, stack(0x00000000292e0000,0x00000000293e0000)]
  0x000000001cf8b000 JavaThread "Thread-11" daemon [_thread_in_native, id=5068, stack(0x00000000291e0000,0x00000000292e0000)]
  0x000000001cf8a000 JavaThread "cluster-ClusterId{value='58383af536566e17549b3bb2', description='null'}-127.0.0.1:27017" daemon [_thread_blocked, id=2872, stack(0x00000000290e0000,0x00000000291e0000)]
  0x0000000018485000 JavaThread "vert.x-worker-thread-12" [_thread_blocked, id=1800, stack(0x0000000028fe0000,0x00000000290e0000)]
  0x000000001847b000 JavaThread "threadDeathWatcher-2-1" daemon [_thread_blocked, id=3704, stack(0x0000000027ed0000,0x0000000027fd0000)]
  0x0000000018487000 JavaThread "vert.x-acceptor-thread-0" [_thread_in_native, id=5148, stack(0x0000000027bd0000,0x0000000027cd0000)]
  0x0000000018484000 JavaThread "vert.x-worker-thread-11" [_thread_blocked, id=8856, stack(0x0000000027ad0000,0x0000000027bd0000)]
  0x0000000018485800 JavaThread "vert.x-worker-thread-10" [_thread_blocked, id=2592, stack(0x00000000279d0000,0x0000000027ad0000)]
  0x0000000018482000 JavaThread "vert.x-worker-thread-9" [_thread_blocked, id=3932, stack(0x00000000278d0000,0x00000000279d0000)]
  0x0000000018483800 JavaThread "vert.x-eventloop-thread-2" [_thread_blocked, id=6836, stack(0x00000000277d0000,0x00000000278d0000)]
  0x0000000018482800 JavaThread "vert.x-worker-thread-8" [_thread_blocked, id=7576, stack(0x00000000276d0000,0x00000000277d0000)]
  0x0000000018486800 JavaThread "vert.x-worker-thread-7" [_thread_blocked, id=4496, stack(0x00000000275d0000,0x00000000276d0000)]
  0x000000001847a800 JavaThread "vert.x-worker-thread-6" [_thread_blocked, id=7252, stack(0x00000000271c0000,0x00000000272c0000)]
  0x0000000018480800 JavaThread "vert.x-eventloop-thread-1" [_thread_in_native, id=6688, stack(0x00000000270c0000,0x00000000271c0000)]
  0x0000000018481000 JavaThread "vert.x-worker-thread-5" [_thread_blocked, id=5980, stack(0x0000000026fc0000,0x00000000270c0000)]
  0x000000001847c800 JavaThread "vert.x-worker-thread-4" [_thread_blocked, id=8148, stack(0x0000000025ef0000,0x0000000025ff0000)]
  0x000000001847f800 JavaThread "vert.x-worker-thread-3" [_thread_blocked, id=6540, stack(0x0000000025df0000,0x0000000025ef0000)]
  0x0000000018478000 JavaThread "C3P0PooledConnectionPoolManager[identityToken->1hge7609k176pp8w1xko3|c17f1a3]-HelperThread-#2" daemon [_thread_blocked, id=9480, stack(0x0000000023c30000,0x0000000023d30000)]
  0x000000001847d800 JavaThread "C3P0PooledConnectionPoolManager[identityToken->1hge7609k176pp8w1xko3|c17f1a3]-HelperThread-#1" daemon [_thread_blocked, id=8460, stack(0x0000000023b30000,0x0000000023c30000)]
  0x0000000018479800 JavaThread "C3P0PooledConnectionPoolManager[identityToken->1hge7609k176pp8w1xko3|c17f1a3]-HelperThread-#0" daemon [_thread_blocked, id=120, stack(0x0000000023a30000,0x0000000023b30000)]
  0x000000001847c000 JavaThread "C3P0PooledConnectionPoolManager[identityToken->1hge7609k176pp8w1xko3|c17f1a3]-AdminTaskTimer" daemon [_thread_blocked, id=6428, stack(0x0000000023930000,0x0000000023a30000)]
  0x000000001847e000 JavaThread "vertx-jdbc-service-get-connection-thread" [_thread_blocked, id=5628, stack(0x0000000023830000,0x0000000023930000)]
  0x0000000018479000 JavaThread "Abandoned connection cleanup thread" daemon [_thread_blocked, id=10676, stack(0x0000000023730000,0x0000000023830000)]
  0x000000001847f000 JavaThread "vert.x-worker-thread-2" [_thread_blocked, id=4032, stack(0x0000000023030000,0x0000000023130000)]
  0x000000002089f800 JavaThread "vert.x-worker-thread-1" [_thread_blocked, id=8300, stack(0x0000000022a30000,0x0000000022b30000)]
  0x000000002089d000 JavaThread "vert.x-eventloop-thread-0" [_thread_in_native, id=4644, stack(0x0000000022830000,0x0000000022930000)]
  0x000000002089e800 JavaThread "hz._hzInstance_1_dev.HealthMonitor" daemon [_thread_blocked, id=3408, stack(0x0000000022730000,0x0000000022830000)]
  0x00000000208a0000 JavaThread "cached3" [_thread_blocked, id=6500, stack(0x0000000022630000,0x0000000022730000)]
  0x000000002089c800 JavaThread "hz._hzInstance_1_dev.MulticastThread" [_thread_in_native, id=10152, stack(0x0000000022530000,0x0000000022630000)]
  0x000000002089b000 JavaThread "hz._hzInstance_1_dev.IO.thread-Acceptor" [_thread_in_native, id=7160, stack(0x0000000022430000,0x0000000022530000)]
  0x000000002089a000 JavaThread "hz._hzInstance_1_dev.IOBalancerThread" [_thread_blocked, id=11112, stack(0x0000000022330000,0x0000000022430000)]
  0x000000002089e000 JavaThread "hz._hzInstance_1_dev.IO.thread-out-2" [_thread_in_native, id=3092, stack(0x0000000022230000,0x0000000022330000)]
  0x0000000020894000 JavaThread "hz._hzInstance_1_dev.IO.thread-out-1" [_thread_in_native, id=10832, stack(0x0000000022130000,0x0000000022230000)]
  0x0000000020892800 JavaThread "hz._hzInstance_1_dev.IO.thread-out-0" [_thread_in_native, id=5900, stack(0x0000000022030000,0x0000000022130000)]
  0x0000000020895000 JavaThread "hz._hzInstance_1_dev.IO.thread-in-2" [_thread_in_native, id=9392, stack(0x0000000021f30000,0x0000000022030000)]
  0x0000000020893800 JavaThread "hz._hzInstance_1_dev.IO.thread-in-1" [_thread_in_native, id=10868, stack(0x0000000021e30000,0x0000000021f30000)]
  0x0000000020899800 JavaThread "cached2" [_thread_blocked, id=5360, stack(0x0000000021d30000,0x0000000021e30000)]
  0x0000000020898800 JavaThread "hz._hzInstance_1_dev.IO.thread-in-0" [_thread_in_native, id=4500, stack(0x0000000021c30000,0x0000000021d30000)]
  0x0000000020891000 JavaThread "hz._hzInstance_1_dev.generic-operation.thread-1" [_thread_blocked, id=3588, stack(0x0000000021b30000,0x0000000021c30000)]
  0x0000000020896800 JavaThread "hz._hzInstance_1_dev.generic-operation.thread-0" [_thread_blocked, id=9352, stack(0x0000000021a30000,0x0000000021b30000)]
  0x0000000020897000 JavaThread "hz._hzInstance_1_dev.partition-operation.thread-3" [_thread_blocked, id=9680, stack(0x0000000021930000,0x0000000021a30000)]
  0x0000000020892000 JavaThread "hz._hzInstance_1_dev.partition-operation.thread-2" [_thread_blocked, id=4164, stack(0x0000000021830000,0x0000000021930000)]
  0x0000000020898000 JavaThread "hz._hzInstance_1_dev.partition-operation.thread-1" [_thread_blocked, id=2256, stack(0x0000000021730000,0x0000000021830000)]
  0x0000000020895800 JavaThread "hz._hzInstance_1_dev.partition-operation.thread-0" [_thread_blocked, id=6832, stack(0x0000000021630000,0x0000000021730000)]
  0x0000000018e90000 JavaThread "cached1" [_thread_blocked, id=5084, stack(0x0000000021530000,0x0000000021630000)]
  0x0000000018e96000 JavaThread "hz._hzInstance_1_dev.migration" [_thread_blocked, id=5996, stack(0x000000001da80000,0x000000001db80000)]
  0x0000000018e95800 JavaThread "hz._hzInstance_1_dev.wait-notify" [_thread_blocked, id=1476, stack(0x000000001b440000,0x000000001b540000)]
  0x0000000018e94000 JavaThread "hz._hzInstance_1_dev.event-5" [_thread_blocked, id=7816, stack(0x000000001b340000,0x000000001b440000)]
  0x0000000018e92800 JavaThread "hz._hzInstance_1_dev.event-4" [_thread_blocked, id=7496, stack(0x000000001b240000,0x000000001b340000)]
  0x0000000018e94800 JavaThread "hz._hzInstance_1_dev.event-3" [_thread_blocked, id=7360, stack(0x000000001b140000,0x000000001b240000)]
  0x0000000018e91000 JavaThread "hz._hzInstance_1_dev.event-2" [_thread_blocked, id=3032, stack(0x000000001b040000,0x000000001b140000)]
  0x0000000018e93000 JavaThread "hz._hzInstance_1_dev.event-1" [_thread_blocked, id=2532, stack(0x000000001af40000,0x000000001b040000)]
  0x0000000018e97000 JavaThread "hz._hzInstance_1_dev.SlowOperationDetectorThread" [_thread_blocked, id=7956, stack(0x000000001ae40000,0x000000001af40000)]
  0x0000000018e91800 JavaThread "hz._hzInstance_1_dev.response" [_thread_blocked, id=212, stack(0x000000001ad40000,0x000000001ae40000)]
  0x00000000190a4800 JavaThread "hz._hzInstance_1_dev.InvocationMonitorThread" [_thread_blocked, id=4620, stack(0x000000001ac40000,0x000000001ad40000)]
  0x0000000018aa8800 JavaThread "scheduled" [_thread_blocked, id=9056, stack(0x000000001ab40000,0x000000001ac40000)]
  0x0000000018bbf800 JavaThread "pool-2-thread-2" [_thread_blocked, id=3508, stack(0x000000001aa40000,0x000000001ab40000)]
  0x0000000018bbe000 JavaThread "pool-2-thread-1" [_thread_blocked, id=7356, stack(0x000000001a940000,0x000000001aa40000)]
  0x00000000189b3000 JavaThread "vert.x-worker-thread-0" [_thread_blocked, id=5308, stack(0x000000001a440000,0x000000001a540000)]
  0x000000001895b800 JavaThread "vertx-blocked-thread-checker" daemon [_thread_blocked, id=7244, stack(0x000000001a340000,0x000000001a440000)]
  0x0000000018eb2800 JavaThread "vert.x-eventloop-thread-0" [_thread_in_native, id=6028, stack(0x0000000019e40000,0x0000000019f40000)]
  0x00000000033e4800 JavaThread "DestroyJavaVM" [_thread_blocked, id=2992, stack(0x00000000032e0000,0x00000000033e0000)]
  0x0000000018882800 JavaThread "vert.x-internal-blocking-0" [_thread_blocked, id=5520, stack(0x0000000019d40000,0x0000000019e40000)]
  0x00000000180ad000 JavaThread "Thread-4" daemon [_thread_in_native, id=11032, stack(0x0000000019900000,0x0000000019a00000)]
  0x000000001861a000 JavaThread "vertx-blocked-thread-checker" daemon [_thread_blocked, id=10140, stack(0x00000000197e0000,0x00000000198e0000)]
  0x00000000170aa800 JavaThread "Service Thread" daemon [_thread_blocked, id=408, stack(0x0000000017a10000,0x0000000017b10000)]
  0x00000000170a3800 JavaThread "C1 CompilerThread2" daemon [_thread_blocked, id=10212, stack(0x0000000017910000,0x0000000017a10000)]
  0x0000000017042800 JavaThread "C2 CompilerThread1" daemon [_thread_blocked, id=4304, stack(0x0000000017810000,0x0000000017910000)]
  0x0000000017037000 JavaThread "C2 CompilerThread0" daemon [_thread_blocked, id=7980, stack(0x0000000017710000,0x0000000017810000)]
  0x000000001702a000 JavaThread "JDWP Command Reader" daemon [_thread_in_native, id=8436, stack(0x0000000017610000,0x0000000017710000)]
  0x0000000017028800 JavaThread "JDWP Event Helper Thread" daemon [_thread_blocked, id=1876, stack(0x0000000017510000,0x0000000017610000)]
=>0x0000000017017800 JavaThread "JDWP Transport Listener: dt_socket" daemon [_thread_in_vm, id=8044, stack(0x0000000017410000,0x0000000017510000)]
  0x0000000015b1d000 JavaThread "Attach Listener" daemon [_thread_blocked, id=3656, stack(0x0000000016f10000,0x0000000017010000)]
  0x0000000015b1c800 JavaThread "Signal Dispatcher" daemon [_thread_blocked, id=9160, stack(0x0000000016e10000,0x0000000016f10000)]
  0x0000000015aaa800 JavaThread "Finalizer" daemon [_thread_blocked, id=5764, stack(0x0000000016d10000,0x0000000016e10000)]
  0x0000000015a89000 JavaThread "Reference Handler" daemon [_thread_blocked, id=6424, stack(0x0000000016c10000,0x0000000016d10000)]

Other Threads:
  0x0000000015a87800 VMThread [stack: 0x0000000016b10000,0x0000000016c10000] [id=11116]
  0x00000000170f0000 WatcherThread [stack: 0x0000000017b10000,0x0000000017c10000] [id=5952]

VM state:not at safepoint (normal execution)

VM Mutex/Monitor currently owned by a thread: None

Heap:
 PSYoungGen      total 169472K, used 135748K [0x00000000eb380000, 0x00000000f8100000, 0x0000000100000000)
  eden space 157696K, 86% used [0x00000000eb380000,0x00000000f38111a0,0x00000000f4d80000)
  from space 11776K, 0% used [0x00000000f5880000,0x00000000f5880000,0x00000000f6400000)
  to   space 11264K, 0% used [0x00000000f4d80000,0x00000000f4d80000,0x00000000f5880000)
 ParOldGen       total 36864K, used 11163K [0x00000000c1a00000, 0x00000000c3e00000, 0x00000000eb380000)
  object space 36864K, 30% used [0x00000000c1a00000,0x00000000c24e6fb8,0x00000000c3e00000)
 Metaspace       used 44635K, capacity 45376K, committed 45696K, reserved 1089536K
  class space    used 5757K, capacity 5930K, committed 6016K, reserved 1048576K

Card table byte_map: [0x00000000128a0000,0x0000000012aa0000] byte_map_base: 0x0000000012293000

Marking Bits: (ParMarkBitMap*) 0x000000005b07a6d0
 Begin Bits: [0x0000000012ff0000, 0x0000000013f88000)
 End Bits:   [0x0000000013f88000, 0x0000000014f20000)

Polling page: 0x00000000012f0000

CodeCache: size=245760Kb used=10771Kb max_used=10802Kb free=234988Kb
 bounds [0x00000000034e0000, 0x0000000003f80000, 0x00000000124e0000]
 total_blobs=3981 nmethods=3407 adapters=494
 compilation: enabled

Compilation events (10 events):
Event: 765.807 Thread 0x00000000170a3800 4060       1       java.lang.Long::longValue (5 bytes)
Event: 765.807 Thread 0x00000000170a3800 nmethod 4060 0x0000000003718650 code [0x00000000037187a0, 0x00000000037188b0]
Event: 765.808 Thread 0x00000000170a3800 4058       3       java.lang.ref.PhantomReference::<init> (7 bytes)
Event: 765.808 Thread 0x00000000170a3800 nmethod 4058 0x0000000003f35f10 code [0x0000000003f36080, 0x0000000003f36330]
Event: 765.809 Thread 0x00000000170a3800 4059       3       sun.nio.ch.AsynchronousSocketChannelImpl::begin (30 bytes)
Event: 765.811 Thread 0x00000000170a3800 nmethod 4059 0x0000000003af2f10 code [0x0000000003af30c0, 0x0000000003af3708]
Event: 775.808 Thread 0x00000000170a3800 4061       3       sun.nio.ch.Iocp::access$200 (5 bytes)
Event: 775.809 Thread 0x00000000170a3800 nmethod 4061 0x0000000003aeeb10 code [0x0000000003aeec60, 0x0000000003aeed90]
Event: 775.810 Thread 0x00000000170a3800 4062       3       sun.nio.ch.Iocp::access$300 (6 bytes)
Event: 775.810 Thread 0x00000000170a3800 nmethod 4062 0x0000000003f70550 code [0x0000000003f706c0, 0x0000000003f70848]

GC Heap History (10 events):
Event: 3.500 GC heap before
{Heap before GC invocations=8 (full 1):
 PSYoungGen      total 71168K, used 5467K [0x00000000eb380000, 0x00000000f3f80000, 0x0000000100000000)
  eden space 62976K, 0% used [0x00000000eb380000,0x00000000eb380000,0x00000000ef100000)
  from space 8192K, 66% used [0x00000000ef100000,0x00000000ef656f10,0x00000000ef900000)
  to   space 8704K, 0% used [0x00000000f3700000,0x00000000f3700000,0x00000000f3f80000)
 ParOldGen       total 44032K, used 6486K [0x00000000c1a00000, 0x00000000c4500000, 0x00000000eb380000)
  object space 44032K, 14% used [0x00000000c1a00000,0x00000000c2055b78,0x00000000c4500000)
 Metaspace       used 20843K, capacity 21078K, committed 21296K, reserved 1069056K
  class space    used 2579K, capacity 2663K, committed 2688K, reserved 1048576K
Event: 3.549 GC heap after
Heap after GC invocations=8 (full 1):
 PSYoungGen      total 71168K, used 0K [0x00000000eb380000, 0x00000000f3f80000, 0x0000000100000000)
  eden space 62976K, 0% used [0x00000000eb380000,0x00000000eb380000,0x00000000ef100000)
  from space 8192K, 0% used [0x00000000ef100000,0x00000000ef100000,0x00000000ef900000)
  to   space 8704K, 0% used [0x00000000f3700000,0x00000000f3700000,0x00000000f3f80000)
 ParOldGen       total 30208K, used 7327K [0x00000000c1a00000, 0x00000000c3780000, 0x00000000eb380000)
  object space 30208K, 24% used [0x00000000c1a00000,0x00000000c2127dd0,0x00000000c3780000)
 Metaspace       used 20843K, capacity 21078K, committed 21296K, reserved 1069056K
  class space    used 2579K, capacity 2663K, committed 2688K, reserved 1048576K
}
Event: 4.489 GC heap before
{Heap before GC invocations=9 (full 1):
 PSYoungGen      total 71168K, used 62976K [0x00000000eb380000, 0x00000000f3f80000, 0x0000000100000000)
  eden space 62976K, 100% used [0x00000000eb380000,0x00000000ef100000,0x00000000ef100000)
  from space 8192K, 0% used [0x00000000ef100000,0x00000000ef100000,0x00000000ef900000)
  to   space 8704K, 0% used [0x00000000f3700000,0x00000000f3700000,0x00000000f3f80000)
 ParOldGen       total 30208K, used 7327K [0x00000000c1a00000, 0x00000000c3780000, 0x00000000eb380000)
  object space 30208K, 24% used [0x00000000c1a00000,0x00000000c2127dd0,0x00000000c3780000)
 Metaspace       used 26123K, capacity 26402K, committed 26624K, reserved 1073152K
  class space    used 3452K, capacity 3561K, committed 3584K, reserved 1048576K
Event: 4.495 GC heap after
Heap after GC invocations=9 (full 1):
 PSYoungGen      total 116736K, used 5816K [0x00000000eb380000, 0x00000000f3d00000, 0x0000000100000000)
  eden space 110592K, 0% used [0x00000000eb380000,0x00000000eb380000,0x00000000f1f80000)
  from space 6144K, 94% used [0x00000000f3700000,0x00000000f3cae240,0x00000000f3d00000)
  to   space 9216K, 0% used [0x00000000f2b00000,0x00000000f2b00000,0x00000000f3400000)
 ParOldGen       total 30208K, used 7335K [0x00000000c1a00000, 0x00000000c3780000, 0x00000000eb380000)
  object space 30208K, 24% used [0x00000000c1a00000,0x00000000c2129dd0,0x00000000c3780000)
 Metaspace       used 26123K, capacity 26402K, committed 26624K, reserved 1073152K
  class space    used 3452K, capacity 3561K, committed 3584K, reserved 1048576K
}
Event: 9.375 GC heap before
{Heap before GC invocations=10 (full 1):
 PSYoungGen      total 116736K, used 116408K [0x00000000eb380000, 0x00000000f3d00000, 0x0000000100000000)
  eden space 110592K, 100% used [0x00000000eb380000,0x00000000f1f80000,0x00000000f1f80000)
  from space 6144K, 94% used [0x00000000f3700000,0x00000000f3cae240,0x00000000f3d00000)
  to   space 9216K, 0% used [0x00000000f2b00000,0x00000000f2b00000,0x00000000f3400000)
 ParOldGen       total 30208K, used 7335K [0x00000000c1a00000, 0x00000000c3780000, 0x00000000eb380000)
  object space 30208K, 24% used [0x00000000c1a00000,0x00000000c2129dd0,0x00000000c3780000)
 Metaspace       used 34732K, capacity 35182K, committed 35496K, reserved 1079296K
  class space    used 4641K, capacity 4785K, committed 4864K, reserved 1048576K
Event: 9.392 GC heap after
Heap after GC invocations=10 (full 1):
 PSYoungGen      total 131584K, used 9206K [0x00000000eb380000, 0x00000000f6400000, 0x0000000100000000)
  eden space 122368K, 0% used [0x00000000eb380000,0x00000000eb380000,0x00000000f2b00000)
  from space 9216K, 99% used [0x00000000f2b00000,0x00000000f33fdaa0,0x00000000f3400000)
  to   space 11776K, 0% used [0x00000000f5880000,0x00000000f5880000,0x00000000f6400000)
 ParOldGen       total 30208K, used 10621K [0x00000000c1a00000, 0x00000000c3780000, 0x00000000eb380000)
  object space 30208K, 35% used [0x00000000c1a00000,0x00000000c245f790,0x00000000c3780000)
 Metaspace       used 34732K, capacity 35182K, committed 35496K, reserved 1079296K
  class space    used 4641K, capacity 4785K, committed 4864K, reserved 1048576K
}
Event: 9.434 GC heap before
{Heap before GC invocations=11 (full 1):
 PSYoungGen      total 131584K, used 11399K [0x00000000eb380000, 0x00000000f6400000, 0x0000000100000000)
  eden space 122368K, 1% used [0x00000000eb380000,0x00000000eb5a4358,0x00000000f2b00000)
  from space 9216K, 99% used [0x00000000f2b00000,0x00000000f33fdaa0,0x00000000f3400000)
  to   space 11776K, 0% used [0x00000000f5880000,0x00000000f5880000,0x00000000f6400000)
 ParOldGen       total 30208K, used 10621K [0x00000000c1a00000, 0x00000000c3780000, 0x00000000eb380000)
  object space 30208K, 35% used [0x00000000c1a00000,0x00000000c245f790,0x00000000c3780000)
 Metaspace       used 34873K, capacity 35246K, committed 35496K, reserved 1079296K
  class space    used 4656K, capacity 4785K, committed 4864K, reserved 1048576K
Event: 9.455 GC heap after
Heap after GC invocations=11 (full 1):
 PSYoungGen      total 169472K, used 3888K [0x00000000eb380000, 0x00000000f8100000, 0x0000000100000000)
  eden space 157696K, 0% used [0x00000000eb380000,0x00000000eb380000,0x00000000f4d80000)
  from space 11776K, 33% used [0x00000000f5880000,0x00000000f5c4c060,0x00000000f6400000)
  to   space 11264K, 0% used [0x00000000f4d80000,0x00000000f4d80000,0x00000000f5880000)
 ParOldGen       total 30208K, used 12674K [0x00000000c1a00000, 0x00000000c3780000, 0x00000000eb380000)
  object space 30208K, 41% used [0x00000000c1a00000,0x00000000c2660b80,0x00000000c3780000)
 Metaspace       used 34873K, capacity 35246K, committed 35496K, reserved 1079296K
  class space    used 4656K, capacity 4785K, committed 4864K, reserved 1048576K
}
Event: 9.455 GC heap before
{Heap before GC invocations=12 (full 2):
 PSYoungGen      total 169472K, used 3888K [0x00000000eb380000, 0x00000000f8100000, 0x0000000100000000)
  eden space 157696K, 0% used [0x00000000eb380000,0x00000000eb380000,0x00000000f4d80000)
  from space 11776K, 33% used [0x00000000f5880000,0x00000000f5c4c060,0x00000000f6400000)
  to   space 11264K, 0% used [0x00000000f4d80000,0x00000000f4d80000,0x00000000f5880000)
 ParOldGen       total 30208K, used 12674K [0x00000000c1a00000, 0x00000000c3780000, 0x00000000eb380000)
  object space 30208K, 41% used [0x00000000c1a00000,0x00000000c2660b80,0x00000000c3780000)
 Metaspace       used 34873K, capacity 35246K, committed 35496K, reserved 1079296K
  class space    used 4656K, capacity 4785K, committed 4864K, reserved 1048576K
Event: 9.500 GC heap after
Heap after GC invocations=12 (full 2):
 PSYoungGen      total 169472K, used 0K [0x00000000eb380000, 0x00000000f8100000, 0x0000000100000000)
  eden space 157696K, 0% used [0x00000000eb380000,0x00000000eb380000,0x00000000f4d80000)
  from space 11776K, 0% used [0x00000000f5880000,0x00000000f5880000,0x00000000f6400000)
  to   space 11264K, 0% used [0x00000000f4d80000,0x00000000f4d80000,0x00000000f5880000)
 ParOldGen       total 36864K, used 11163K [0x00000000c1a00000, 0x00000000c3e00000, 0x00000000eb380000)
  object space 36864K, 30% used [0x00000000c1a00000,0x00000000c24e6fb8,0x00000000c3e00000)
 Metaspace       used 34873K, capacity 35246K, committed 35496K, reserved 1079296K
  class space    used 4656K, capacity 4785K, committed 4864K, reserved 1048576K
}

Deoptimization events (10 events):
Event: 146.291 Thread 0x000000002089d000 Uncommon trap: reason=unhandled action=none pc=0x0000000003aae078 method=java.net.URLClassLoader.findClass(Ljava/lang/String;)Ljava/lang/Class; @ 44
Event: 275.272 Thread 0x0000000020899800 Uncommon trap: reason=unstable_if action=reinterpret pc=0x0000000003c7d29c method=java.util.concurrent.SynchronousQueue$TransferStack.casHead(Ljava/util/concurrent/SynchronousQueue$TransferStack$SNode;Ljava/util/concurrent/SynchronousQueue$TransferStack$SN
Event: 305.253 Thread 0x00000000208a0000 Uncommon trap: reason=unstable_if action=reinterpret pc=0x0000000003c3fc60 method=java.util.concurrent.locks.AbstractQueuedSynchronizer.isOnSyncQueue(Ljava/util/concurrent/locks/AbstractQueuedSynchronizer$Node;)Z @ 22
Event: 305.255 Thread 0x0000000020899800 Uncommon trap: reason=unstable_if action=reinterpret pc=0x0000000003938cc0 method=java.util.concurrent.locks.AbstractQueuedSynchronizer.enq(Ljava/util/concurrent/locks/AbstractQueuedSynchronizer$Node;)Ljava/util/concurrent/locks/AbstractQueuedSynchronizer$ƒ¿çYs@
Event: 305.272 Thread 0x0000000020899800 Uncommon trap: reason=unstable_if action=reinterpret pc=0x0000000003b22468 method=java.util.concurrent.SynchronousQueue$TransferStack.awaitFulfill(Ljava/util/concurrent/SynchronousQueue$TransferStack$SNode;ZJ)Ljava/util/concurrent/SynchronousQueue$Transfer¥FRÔ{@
Event: 445.252 Thread 0x0000000020899800 Uncommon trap: reason=unstable_if action=reinterpret pc=0x000000000371ad98 method=java.util.concurrent.LinkedBlockingQueue.poll(JLjava/util/concurrent/TimeUnit;)Ljava/lang/Object; @ 88
Event: 445.254 Thread 0x00000000208a0000 Uncommon trap: reason=unstable_if action=reinterpret pc=0x0000000003c70bdc method=java.util.concurrent.locks.AbstractQueuedSynchronizer.acquireQueued(Ljava/util/concurrent/locks/AbstractQueuedSynchronizer$Node;I)Z @ 17
Event: 475.135 Thread 0x0000000020899800 Uncommon trap: reason=unstable_if action=reinterpret pc=0x0000000003712d50 method=java.util.concurrent.SynchronousQueue$TransferStack.isFulfilling(I)Z @ 3
Event: 517.241 Thread 0x0000000018aa8800 Uncommon trap: reason=unhandled action=none pc=0x0000000003aae078 method=java.net.URLClassLoader.findClass(Ljava/lang/String;)Ljava/lang/Class; @ 44
Event: 725.251 Thread 0x0000000018aa8800 Uncommon trap: reason=unstable_if action=reinterpret pc=0x0000000003f4c1cc method=com.hazelcast.util.executor.CachedExecutorServiceDelegate.addNewWorkerIfRequired()V @ 44

Internal exceptions (10 events):
Event: 766.460 Thread 0x000000002089c800 Exception <a 'java/net/SocketTimeoutException': Receive timed out> (0x00000000f305a658) thrown at [C:\re\workspace\8-2-build-windows-amd64-cygwin\jdk8u101\7261\hotspot\src\share\vm\prims\jni.cpp, line 735]
Event: 767.461 Thread 0x000000002089c800 Exception <a 'java/net/SocketTimeoutException': Receive timed out> (0x00000000f305a8b8) thrown at [C:\re\workspace\8-2-build-windows-amd64-cygwin\jdk8u101\7261\hotspot\src\share\vm\prims\jni.cpp, line 735]
Event: 768.462 Thread 0x000000002089c800 Exception <a 'java/net/SocketTimeoutException': Receive timed out> (0x00000000f305ab18) thrown at [C:\re\workspace\8-2-build-windows-amd64-cygwin\jdk8u101\7261\hotspot\src\share\vm\prims\jni.cpp, line 735]
Event: 769.462 Thread 0x000000002089c800 Exception <a 'java/net/SocketTimeoutException': Receive timed out> (0x00000000f305ad78) thrown at [C:\re\workspace\8-2-build-windows-amd64-cygwin\jdk8u101\7261\hotspot\src\share\vm\prims\jni.cpp, line 735]
Event: 770.462 Thread 0x000000002089c800 Exception <a 'java/net/SocketTimeoutException': Receive timed out> (0x00000000f305afd8) thrown at [C:\re\workspace\8-2-build-windows-amd64-cygwin\jdk8u101\7261\hotspot\src\share\vm\prims\jni.cpp, line 735]
Event: 772.396 Thread 0x000000002089c800 Exception <a 'java/net/SocketTimeoutException': Receive timed out> (0x00000000f305b820) thrown at [C:\re\workspace\8-2-build-windows-amd64-cygwin\jdk8u101\7261\hotspot\src\share\vm\prims\jni.cpp, line 735]
Event: 773.397 Thread 0x000000002089c800 Exception <a 'java/net/SocketTimeoutException': Receive timed out> (0x00000000f305ba80) thrown at [C:\re\workspace\8-2-build-windows-amd64-cygwin\jdk8u101\7261\hotspot\src\share\vm\prims\jni.cpp, line 735]
Event: 774.397 Thread 0x000000002089c800 Exception <a 'java/net/SocketTimeoutException': Receive timed out> (0x00000000f305bce0) thrown at [C:\re\workspace\8-2-build-windows-amd64-cygwin\jdk8u101\7261\hotspot\src\share\vm\prims\jni.cpp, line 735]
Event: 775.398 Thread 0x000000002089c800 Exception <a 'java/net/SocketTimeoutException': Receive timed out> (0x00000000f305bf40) thrown at [C:\re\workspace\8-2-build-windows-amd64-cygwin\jdk8u101\7261\hotspot\src\share\vm\prims\jni.cpp, line 735]
Event: 776.398 Thread 0x000000002089c800 Exception <a 'java/net/SocketTimeoutException': Receive timed out> (0x00000000f305c1a0) thrown at [C:\re\workspace\8-2-build-windows-amd64-cygwin\jdk8u101\7261\hotspot\src\share\vm\prims\jni.cpp, line 735]

Events (10 events):
Event: 776.742 Executing VM operation: EnterInterpOnlyMode
Event: 776.742 Executing nested VM operation: Deoptimize
Event: 776.743 Executing nested VM operation: Deoptimize done
Event: 776.743 Executing VM operation: EnterInterpOnlyMode done
Event: 776.743 Executing VM operation: GetCurrentLocation
Event: 776.743 Executing VM operation: GetCurrentLocation done
Event: 776.743 Executing VM operation: ChangeSingleStep
Event: 776.743 Executing VM operation: ChangeSingleStep done
Event: 776.743 Executing VM operation: ChangeSingleStep
Event: 776.743 Executing VM operation: ChangeSingleStep done


Dynamic libraries:
0x00007ff605430000 - 0x00007ff605467000 	C:\Program Files\Java\jre1.8.0_101\bin\javaw.exe
0x00007ff97e130000 - 0x00007ff97e2f1000 	C:\WINDOWS\SYSTEM32\ntdll.dll
0x00007ff97b380000 - 0x00007ff97b42d000 	C:\WINDOWS\system32\KERNEL32.DLL
0x00007ff97a590000 - 0x00007ff97a778000 	C:\WINDOWS\system32\KERNELBASE.dll
0x00007ff97d870000 - 0x00007ff97d917000 	C:\WINDOWS\system32\ADVAPI32.dll
0x00007ff97b860000 - 0x00007ff97b8fd000 	C:\WINDOWS\system32\msvcrt.dll
0x00007ff97be30000 - 0x00007ff97be8b000 	C:\WINDOWS\system32\sechost.dll
0x00007ff97db30000 - 0x00007ff97dc4c000 	C:\WINDOWS\system32\RPCRT4.dll
0x00007ff97dfd0000 - 0x00007ff97e126000 	C:\WINDOWS\system32\USER32.dll
0x00007ff97b900000 - 0x00007ff97ba86000 	C:\WINDOWS\system32\GDI32.dll
0x00007ff96de60000 - 0x00007ff96e0d4000 	C:\WINDOWS\WinSxS\amd64_microsoft.windows.common-controls_6595b64144ccf1df_6.0.10586.589_none_a2ddb3caa539acce\COMCTL32.dll
0x00007ff97dd50000 - 0x00007ff97dfcd000 	C:\WINDOWS\system32\combase.dll
0x00007ff97a8c0000 - 0x00007ff97a92a000 	C:\WINDOWS\system32\bcryptPrimitives.dll
0x00007ff97d570000 - 0x00007ff97d5ab000 	C:\WINDOWS\system32\IMM32.DLL
0x000000005a5b0000 - 0x000000005a682000 	C:\Program Files\Java\jre1.8.0_101\bin\msvcr100.dll
0x000000005a860000 - 0x000000005b0fa000 	C:\Program Files\Java\jre1.8.0_101\bin\server\jvm.dll
0x00007ff97a980000 - 0x00007ff97a9a3000 	C:\WINDOWS\system32\WINMM.dll
0x00007ff97a520000 - 0x00007ff97a54c000 	C:\WINDOWS\system32\WINMMBASE.dll
0x00007ff97a930000 - 0x00007ff97a973000 	C:\WINDOWS\system32\cfgmgr32.dll
0x00007ff97b370000 - 0x00007ff97b378000 	C:\WINDOWS\system32\PSAPI.DLL
0x00007ff9771b0000 - 0x00007ff9771b9000 	C:\WINDOWS\SYSTEM32\WSOCK32.dll
0x00007ff96d080000 - 0x00007ff96d08a000 	C:\WINDOWS\SYSTEM32\VERSION.dll
0x00007ff97d500000 - 0x00007ff97d56b000 	C:\WINDOWS\system32\WS2_32.dll
0x000000005a770000 - 0x000000005a77f000 	C:\Program Files\Java\jre1.8.0_101\bin\verify.dll
0x000000005a740000 - 0x000000005a769000 	C:\Program Files\Java\jre1.8.0_101\bin\java.dll
0x000000005a570000 - 0x000000005a5a5000 	C:\Program Files\Java\jre1.8.0_101\bin\jdwp.dll
0x000000005a560000 - 0x000000005a568000 	C:\Program Files\Java\jre1.8.0_101\bin\npt.dll
0x000000005a720000 - 0x000000005a736000 	C:\Program Files\Java\jre1.8.0_101\bin\zip.dll
0x00007ff97bfa0000 - 0x00007ff97d4fc000 	C:\WINDOWS\system32\SHELL32.dll
0x00007ff97ac80000 - 0x00007ff97b2c5000 	C:\WINDOWS\system32\windows.storage.dll
0x00007ff97bbc0000 - 0x00007ff97bc12000 	C:\WINDOWS\system32\shlwapi.dll
0x00007ff97a580000 - 0x00007ff97a58f000 	C:\WINDOWS\system32\kernel.appcore.dll
0x00007ff97a800000 - 0x00007ff97a8b5000 	C:\WINDOWS\system32\shcore.dll
0x00007ff97aa60000 - 0x00007ff97aaab000 	C:\WINDOWS\system32\powrprof.dll
0x00007ff97a550000 - 0x00007ff97a564000 	C:\WINDOWS\system32\profapi.dll
0x000000005a550000 - 0x000000005a559000 	C:\Program Files\Java\jre1.8.0_101\bin\dt_socket.dll
0x00007ff9696f0000 - 0x00007ff969706000 	C:\WINDOWS\system32\napinsp.dll
0x00007ff9696d0000 - 0x00007ff9696ea000 	C:\WINDOWS\system32\pnrpnsp.dll
0x00007ff978260000 - 0x00007ff978278000 	C:\WINDOWS\system32\NLAapi.dll
0x00007ff979e50000 - 0x00007ff979eac000 	C:\WINDOWS\System32\mswsock.dll
0x00007ff978f90000 - 0x00007ff97903a000 	C:\WINDOWS\SYSTEM32\DNSAPI.dll
0x00007ff97bc20000 - 0x00007ff97bc28000 	C:\WINDOWS\system32\NSI.dll
0x00007ff9696c0000 - 0x00007ff9696cd000 	C:\WINDOWS\System32\winrnr.dll
0x00007ff9696a0000 - 0x00007ff9696b5000 	C:\WINDOWS\System32\wshbth.dll
0x00007ff96f890000 - 0x00007ff96f8f7000 	C:\WINDOWS\System32\fwpuclnt.dll
0x00007ff97a120000 - 0x00007ff97a149000 	C:\WINDOWS\SYSTEM32\bcrypt.dll
0x00007ff96b850000 - 0x00007ff96b85a000 	C:\Windows\System32\rasadhlp.dll
0x000000005a6a0000 - 0x000000005a6ad000 	C:\Program Files\Java\jre1.8.0_101\bin\management.dll
0x000000005a700000 - 0x000000005a71a000 	C:\Program Files\Java\jre1.8.0_101\bin\net.dll
0x00007ff977870000 - 0x00007ff9778a8000 	C:\WINDOWS\SYSTEM32\IPHLPAPI.DLL
0x000000005a6e0000 - 0x000000005a6f1000 	C:\Program Files\Java\jre1.8.0_101\bin\nio.dll
0x00007ff979f00000 - 0x00007ff979f17000 	C:\WINDOWS\SYSTEM32\CRYPTSP.dll
0x00007ff979b90000 - 0x00007ff979bc4000 	C:\WINDOWS\system32\rsaenh.dll
0x00007ff979ce0000 - 0x00007ff979cff000 	C:\WINDOWS\SYSTEM32\USERENV.dll
0x00007ff97a020000 - 0x00007ff97a02b000 	C:\WINDOWS\SYSTEM32\CRYPTBASE.dll
0x00007ff96f770000 - 0x00007ff96f786000 	C:\WINDOWS\SYSTEM32\dhcpcsvc6.DLL
0x00007ff96f750000 - 0x00007ff96f76a000 	C:\WINDOWS\SYSTEM32\dhcpcsvc.DLL
0x00007ff977520000 - 0x00007ff97756d000 	C:\WINDOWS\SYSTEM32\pdh.dll
0x000000005a6b0000 - 0x000000005a6d4000 	C:\Program Files\Java\jre1.8.0_101\bin\sunec.dll
0x000000005a690000 - 0x000000005a69b000 	C:\Program Files\Java\jre1.8.0_101\bin\sunmscapi.dll
0x00007ff97aab0000 - 0x00007ff97ac78000 	C:\WINDOWS\system32\CRYPT32.dll
0x00007ff97a570000 - 0x00007ff97a580000 	C:\WINDOWS\system32\MSASN1.dll
0x00007ff9523d0000 - 0x00007ff9523df000 	C:\WINDOWS\System32\perfproc.dll
0x00007ff96d030000 - 0x00007ff96d03e000 	C:\WINDOWS\System32\perfos.dll
0x00007ff976f70000 - 0x00007ff9770fc000 	C:\WINDOWS\SYSTEM32\dbghelp.dll

VM Arguments:
jvm_args: -agentlib:jdwp=transport=dt_socket,suspend=y,address=localhost:52163 -Dfile.encoding=UTF-8 
java_command: ocr.pointofsale.App
java_class_path (initial): D:\work\code\vertx\workspace\ocr-pointofsale\target\classes;D:\work\code\vertx\repo\srv-common\target\classes;D:\work\code\vertx\mavenrepo\io\vertx\vertx-core\3.3.3\vertx-core-3.3.3.jar;D:\work\code\vertx\mavenrepo\io\netty\netty-common\4.1.5.Final\netty-common-4.1.5.Final.jar;D:\work\code\vertx\mavenrepo\io\netty\netty-buffer\4.1.5.Final\netty-buffer-4.1.5.Final.jar;D:\work\code\vertx\mavenrepo\io\netty\netty-transport\4.1.5.Final\netty-transport-4.1.5.Final.jar;D:\work\code\vertx\mavenrepo\io\netty\netty-handler\4.1.5.Final\netty-handler-4.1.5.Final.jar;D:\work\code\vertx\mavenrepo\io\netty\netty-codec\4.1.5.Final\netty-codec-4.1.5.Final.jar;D:\work\code\vertx\mavenrepo\io\netty\netty-handler-proxy\4.1.5.Final\netty-handler-proxy-4.1.5.Final.jar;D:\work\code\vertx\mavenrepo\io\netty\netty-codec-socks\4.1.5.Final\netty-codec-socks-4.1.5.Final.jar;D:\work\code\vertx\mavenrepo\io\netty\netty-codec-http\4.1.5.Final\netty-codec-http-4.1.5.Final.jar;D:\work\code\vertx\mavenrepo\io\netty\netty-codec-http2\4.1.5.Final\netty-codec-http2-4.1.5.Final.jar;D:\work\code\vertx\mavenrepo\io\netty\netty-resolver\4.1.5.Final\netty-resolver-4.1.5.Final.jar;D:\work\code\vertx\mavenrepo\io\netty\netty-resolver-dns\4.1.5.Final\netty-resolver-dns-4.1.5.Final.jar;D:\work\code\vertx\mavenrepo\io\netty\netty-codec-dns\4.1.5.Final\netty-codec-dns-4.1.5.Final.jar;D:\work\code\vertx\mavenrepo\com\fasterxml\jackson\core\jackson-core\2.7.4\jackson-core-2.7.4.jar;D:\work\code\vertx\mavenrepo\com\fasterxml\jackson\core\jackson-databind\2.7.4\jackson-databind-2.7.4.jar;D:\work\code\vertx\mavenrepo\com\fasterxml\jackson\core\jackson-annotations\2.7.0\jackson-annotations-2.7.0.jar;D:\work\code\vertx\mavenrepo\org\apache\commons\commons-collections4\4.0\commons-collections4-4.0.jar;D:\work\code\vertx\mavenrepo\org\apache\commons\commons-lang3\3.4\commons-lang3-3.4.jar;D:\work\code\vertx\mavenrepo\com\google\guava\guava\15.0\guava-15.0.jar;D:\work\code\vertx\mavenrepo\org\
Launcher Type: SUN_STANDARD

Environment Variables:
JAVA_HOME=C:\Program Files\Java\jdk1.8.0_101
PATH=C:/Program Files/Java/jre1.8.0_101/bin/server;C:/Program Files/Java/jre1.8.0_101/bin;C:/Program Files/Java/jre1.8.0_101/lib/amd64;D:\app\pcitc\product\11.2.0\client_1\bin;D:\app\pcitc\product\11.2.0\client_3\bin;D:\app\pcitc\product\11.2.0\client_2;C:\ProgramData\Oracle\Java\javapath;C:\Program Files (x86)\Common Files\NetSarang;C:\Program Files (x86)\Intel\iCLS Client\;C:\Program Files\Intel\iCLS Client\;C:\WINDOWS\system32;C:\WINDOWS;C:\WINDOWS\System32\Wbem;C:\WINDOWS\System32\WindowsPowerShell\v1.0\;C:\Program Files\Intel\WiFi\bin\;C:\Program Files\Common Files\Intel\WirelessCommon\;C:\Program Files\Intel\Intel(R) Management Engine Components\DAL;C:\Program Files (x86)\Intel\Intel(R) Management Engine Components\DAL;C:\Program Files\Intel\Intel(R) Management Engine Components\IPT;C:\Program Files (x86)\Intel\Intel(R) Management Engine Components\IPT;D:\MongoDB\Server\3.2\bin;C:\WINDOWS\system32\config\systemprofile\.dnx\bin;C:\Program Files\Microsoft DNX\Dnvm\;C:\Program Files\Microsoft SQL Server\130\Tools\Binn\;C:\Program Files\Apache Software Foundation\Tomcat 7.0\bin;C:\Program Files\Java\jdk1.7.0_79\bin;C:\Program Files (x86)\MySQL\MySQL Fabric 1.5.4 & MySQL Utilities 1.5.4 1.5\;C:\Program Files (x86)\MySQL\MySQL Fabric 1.5.4 & MySQL Utilities 1.5.4 1.5\Doctrine extensions for PHP\;D:\tools\eclipse;
USERNAME=pcitc
OS=Windows_NT
PROCESSOR_IDENTIFIER=Intel64 Family 6 Model 61 Stepping 4, GenuineIntel



---------------  S Y S T E M  ---------------

OS: Windows 10.0 , 64 bit Build 10586 (10.0.10586.589)

CPU:total 4 (2 cores per cpu, 2 threads per core) family 6 model 61 stepping 4, cmov, cx8, fxsr, mmx, sse, sse2, sse3, ssse3, sse4.1, sse4.2, popcnt, avx, avx2, aes, clmul, erms, rtm, 3dnowpref, lzcnt, ht, tsc, tscinvbit, bmi1, bmi2, adx

Memory: 4k page, physical 4080088k(730220k free), swap 11944408k(5630324k free)

vm_info: Java HotSpot(TM) 64-Bit Server VM (25.101-b13) for windows-amd64 JRE (1.8.0_101-b13), built on Jun 22 2016 01:21:29 by "java_re" with MS VC++ 10.0 (VS2010)

time: Fri Nov 25 21:33:59 2016
elapsed time: 776 seconds (0d 0h 12m 56s)

